<?xml version="1.0" encoding="UTF-8"?>
<testsuite xmlns:xsi="http://www.w3.org/2001/XMLSchema-instance" xsi:noNamespaceSchemaLocation="https://maven.apache.org/surefire/maven-surefire-plugin/xsd/surefire-test-report.xsd" name="uedson.reis.tests.ReservationServiceTest" time="6.59" tests="61" errors="0" skipped="0" failures="0">
  <properties>
[...]
</properties>
  <testcase name="testBookingBusyPeriod[5]" classname="uedson.reis.tests.ReservationServiceTest" time="0.359"/>
  <testcase name="testAvailability" classname="uedson.reis.tests.ReservationServiceTest" time="0.013"/>
  <testcase name="testBookingBusyPeriod[6]" classname="uedson.reis.tests.ReservationServiceTest" time="0.051"/>
  <testcase name="testBookingBusyPeriod[8]" classname="uedson.reis.tests.ReservationServiceTest" time="0.077"/>
  <testcase name="testBookingBusyPeriod[1]" classname="uedson.reis.tests.ReservationServiceTest" time="0"/>
  <testcase name="testBookingChangeCancel[6]" classname="uedson.reis.tests.ReservationServiceTest" time="0.128"/>
  <testcase name="testBookingChangeCancel[1]" classname="uedson.reis.tests.ReservationServiceTest" time="0.128"/>
  <testcase name="testBookingBusyPeriod[2]" classname="uedson.reis.tests.ReservationServiceTest" time="0.129"/>
  <testcase name="testBookingChangeCancel[2]" classname="uedson.reis.tests.ReservationServiceTest" time="0"/>
  <testcase name="testBookingBusyPeriod[3]" classname="uedson.reis.tests.ReservationServiceTest" time="0.05"/>
  <testcase name="testBookingBusyPeriod[4]" classname="uedson.reis.tests.ReservationServiceTest" time="0.103"/>
  <testcase name="testBookingChangeCancel[4]" classname="uedson.reis.tests.ReservationServiceTest" time="0.057"/>
  <testcase name="testBookingChangeCancel[9]" classname="uedson.reis.tests.ReservationServiceTest" time="0.002"/>
  <testcase name="testBookingChangeCancel[3]" classname="uedson.reis.tests.ReservationServiceTest" time="0.002"/>
  <testcase name="testBookingBusyPeriod[7]" classname="uedson.reis.tests.ReservationServiceTest" time="0.027"/>
  <testcase name="testBookingBusyPeriod[9]" classname="uedson.reis.tests.ReservationServiceTest" time="0.032"/>
  <testcase name="testBookingBusyPeriod[14]" classname="uedson.reis.tests.ReservationServiceTest" time="0.041"/>
  <testcase name="testBookingChangeCancel[8]" classname="uedson.reis.tests.ReservationServiceTest" time="0.06"/>
  <testcase name="testBookingChangeCancel[5]" classname="uedson.reis.tests.ReservationServiceTest" time="0.117"/>
  <testcase name="testBookingChangeCancel[7]" classname="uedson.reis.tests.ReservationServiceTest" time="0"/>
  <testcase name="testBookingBusyPeriod[15]" classname="uedson.reis.tests.ReservationServiceTest" time="0.002"/>
  <testcase name="testBookingChangeCancel[11]" classname="uedson.reis.tests.ReservationServiceTest" time="0.019"/>
  <testcase name="testBookingBusyPeriod[10]" classname="uedson.reis.tests.ReservationServiceTest" time="0.002"/>
  <testcase name="testBookingBusyPeriod[17]" classname="uedson.reis.tests.ReservationServiceTest" time="0.007"/>
  <testcase name="testBookingChangeCancel[12]" classname="uedson.reis.tests.ReservationServiceTest" time="0.017"/>
  <testcase name="testBookingBusyPeriod[12]" classname="uedson.reis.tests.ReservationServiceTest" time="0.087"/>
  <testcase name="testBookingBusyPeriod[20]" classname="uedson.reis.tests.ReservationServiceTest" time="0.003"/>
  <testcase name="testBookingChangeCancel[17]" classname="uedson.reis.tests.ReservationServiceTest" time="0.018"/>
  <testcase name="testBookingChangeCancel[10]" classname="uedson.reis.tests.ReservationServiceTest" time="0.005"/>
  <testcase name="testBookingBusyPeriod[13]" classname="uedson.reis.tests.ReservationServiceTest" time="0"/>
  <testcase name="testBookingBusyPeriod[22]" classname="uedson.reis.tests.ReservationServiceTest" time="0.027"/>
  <testcase name="testBookingBusyPeriod[24]" classname="uedson.reis.tests.ReservationServiceTest" time="0.026"/>
  <testcase name="testBookingChangeCancel[18]" classname="uedson.reis.tests.ReservationServiceTest" time="0.019"/>
  <testcase name="testBookingBusyPeriod[11]" classname="uedson.reis.tests.ReservationServiceTest" time="0"/>
  <testcase name="testBookingBusyPeriod[25]" classname="uedson.reis.tests.ReservationServiceTest" time="0.005"/>
  <testcase name="testBookingChangeCancel[13]" classname="uedson.reis.tests.ReservationServiceTest" time="0.013"/>
  <testcase name="testBookingBusyPeriod[27]" classname="uedson.reis.tests.ReservationServiceTest" time="0.004"/>
  <testcase name="testBookingBusyPeriod[28]" classname="uedson.reis.tests.ReservationServiceTest" time="0.007"/>
  <testcase name="testBookingBusyPeriod[16]" classname="uedson.reis.tests.ReservationServiceTest" time="0.015"/>
  <testcase name="testBookingBusyPeriod[29]" classname="uedson.reis.tests.ReservationServiceTest" time="0.004"/>
  <testcase name="testBookingBusyPeriod[18]" classname="uedson.reis.tests.ReservationServiceTest" time="0.005"/>
  <testcase name="testBookingBusyPeriod[19]" classname="uedson.reis.tests.ReservationServiceTest" time="0.018"/>
  <testcase name="testBookingBusyPeriod[21]" classname="uedson.reis.tests.ReservationServiceTest" time="0.004"/>
  <testcase name="testBookingBusyPeriod[23]" classname="uedson.reis.tests.ReservationServiceTest" time="0.023"/>
  <testcase name="testBookingBusyPeriod[26]" classname="uedson.reis.tests.ReservationServiceTest" time="0.001"/>
  <testcase name="testBookingChangeCancel[14]" classname="uedson.reis.tests.ReservationServiceTest" time="0.015"/>
  <testcase name="testBookingBusyPeriod[30]" classname="uedson.reis.tests.ReservationServiceTest" time="0.008"/>
  <testcase name="testBookingChangeCancel[15]" classname="uedson.reis.tests.ReservationServiceTest" time="0.031"/>
  <testcase name="testBookingChangeCancel[20]" classname="uedson.reis.tests.ReservationServiceTest" time="0.031"/>
  <testcase name="testBookingChangeCancel[19]" classname="uedson.reis.tests.ReservationServiceTest" time="0.002"/>
  <testcase name="testBookingChangeCancel[16]" classname="uedson.reis.tests.ReservationServiceTest" time="0.041"/>
  <testcase name="testBookingChangeCancel[21]" classname="uedson.reis.tests.ReservationServiceTest" time="0.023"/>
  <testcase name="testBookingChangeCancel[26]" classname="uedson.reis.tests.ReservationServiceTest" time="0.002"/>
  <testcase name="testBookingChangeCancel[22]" classname="uedson.reis.tests.ReservationServiceTest" time="0.003"/>
  <testcase name="testBookingChangeCancel[23]" classname="uedson.reis.tests.ReservationServiceTest" time="0.051"/>
  <testcase name="testBookingChangeCancel[24]" classname="uedson.reis.tests.ReservationServiceTest" time="0.003"/>
  <testcase name="testBookingChangeCancel[28]" classname="uedson.reis.tests.ReservationServiceTest" time="0.031"/>
  <testcase name="testBookingChangeCancel[29]" classname="uedson.reis.tests.ReservationServiceTest" time="0.033"/>
  <testcase name="testBookingChangeCancel[25]" classname="uedson.reis.tests.ReservationServiceTest" time="0.065"/>
  <testcase name="testBookingChangeCancel[30]" classname="uedson.reis.tests.ReservationServiceTest" time="0.07"/>
  <testcase name="testBookingChangeCancel[27]" classname="uedson.reis.tests.ReservationServiceTest" time="0.076"/>
</testsuite>